<html xmlns:math="http://exslt.org/math" xmlns:testng="http://testng.org">
   <head>
      <title>TestNG Results</title>
      <meta http-equiv="content-type" content="text/html; charset=utf-8"></meta>
      <meta http-equiv="pragma" content="no-cache"></meta>
      <meta http-equiv="cache-control" content="max-age=0"></meta>
      <meta http-equiv="cache-control" content="no-cache"></meta>
      <meta http-equiv="cache-control" content="no-store"></meta>
      <LINK rel="stylesheet" href="style.css"></LINK>
      <script type="text/javascript" src="main.js"></script>
   </head>
   <body>
      <table width="100%" style="font-size: 16px; margin-bottom: 10px;" cellspacing="1">
         <tr>
            <td width="100%">
               Test case
               
               <b>Default test</b>
            </td>
            <td style="background-color: #FFBBBB; padding: 3px 3px 3px 0;" align="center">
               <div style="width: 50px;">7</div>
            </td>
            <td style="background-color: lightgreen; padding: 3px 3px 3px 0;" align="center">
               <div style="width: 50px;">4</div>
            </td>
            <td style="background-color: #FFFFBB; padding: 3px 3px 3px 0;" align="center">
               <div style="width: 50px;">0</div>
            </td>
            <td align="center" style="background-color: #eaf0f7; padding: 3px 3px 3px 0;">
               <div style="width: 50px;">11</div>
            </td>
            <td align="center"
                style="font-weight: bold; background-color: #eaf0f7; padding: 3px 3px 3px 0;">
               <div style="width: 50px;">36%</div>
            </td>
            <td style="background-color: #eaf0f7; padding: 3px 3px 3px 0;" align="center"
                nowrap="true">1m
               58s
               
            </td>
         </tr>
      </table>
      <div style="width: 200px;">
         <label for="groupMethodsCheckBox" style="font-weight: bold; margin: 0;">
            <input id="groupMethodsCheckBox" type="checkbox" onclick="switchTestMethodsView(this)"
                   checked=""></input>
            Group by class
            
         </label>
         <br></br>
         <label for="methodsFilter_ALL" style="font-weight: bold; margin: 0;">
            <input id="methodsFilter_ALL" type="checkbox"
                   onclick="testMethodsFilterChanged(this, 'ALL')"
                   checked=""></input>
            All
            
         </label>
      </div>
      <label for="methodsFilter_FAIL" style="margin-left: 20px;">
         <input id="methodsFilter_FAIL" type="checkbox"
                onclick="testMethodsFilterChanged(this, 'FAIL')"
                checked=""></input>
         Failed
         
      </label>
      <label for="methodsFilter_PASS">
         <input id="methodsFilter_PASS" type="checkbox"
                onclick="testMethodsFilterChanged(this, 'PASS')"
                checked=""></input>
         Passed
         
      </label>
      <label for="methodsFilter_SKIP">
         <input id="methodsFilter_SKIP" type="checkbox"
                onclick="testMethodsFilterChanged(this, 'SKIP')"
                checked=""></input>
         Skipped
         
      </label>
      <label for="methodsFilter_CONF">
         <input id="methodsFilter_CONF" type="checkbox"
                onclick="testMethodsFilterChanged(this, 'CONF')"
                checked=""></input>
         Config
         
      </label>
      <br></br>
      <div id="testMethodsByStatus" style="display: none;">
         <table class="testMethodsTable" cellpadding="0" cellspacing="0">
            <tr class="methodsTableHeader">
               <td width="100%">Name</td>
               <td nowrap="true">Started</td>
               <td nowrap="true">Duration</td>
               <td>Exception</td>
            </tr>
            <tr id="com.braindigit.addagent.AddAgentArray_LoginAgent_byStatus_failed_FAIL1_row"
                class="testMethodStatusFAIL">
               <td width="100%" class="firstMethodCell">
                  <a onclick="toggleDetailsVisibility('com.braindigit.addagent.AddAgentArray_LoginAgent_byStatus_failed_FAIL1_details')">LoginAgent([Ljava.lang.String;@2e029d61)</a>
               </td>
               <td nowrap="true">16:57:17</td>
               <td nowrap="true" align="right">9s
                  
               </td>
               <td nowrap="true">
                  <a onclick="toggleDetailsVisibility('com.braindigit.addagent.AddAgentArray_LoginAgent_byStatus_failed_FAIL1_exception')">java.lang.AssertionError: 
                     expected [Agents Listing] but found [New Agent]
                     
                  </a>
                   
                  
               </td>
            </tr>
            <tr>
               <td colspan="4" class="detailsBox">
                  <div id="com.braindigit.addagent.AddAgentArray_LoginAgent_byStatus_failed_FAIL1_details"
                       class="testMethodDetails">
                     <div>
                        <b>Name: </b>LoginAgent
                     </div>
                     <div>
                        <b>Signature: </b>LoginAgent([Ljava.lang.String;)[pri:2, instance:com.braindigit.addagent.AddAgentArray@4678c730]
                     </div>
                     <div>
                        <b>Parameters: </b>
                        
                        [Ljava.lang.String;@2e029d61
                        
                        
                     </div>
                     <div>
                        <b>Start time: </b>16:57:17
                     </div>
                     <div>
                        <b>End time: </b>16:57:26
                     </div>
                     <div>
                        <b>Duration: </b>9s
                        
                     </div>
                  </div>
               </td>
            </tr>
            <tr>
               <td colspan="4" class="detailsBox">
                  <div id="com.braindigit.addagent.AddAgentArray_LoginAgent_byStatus_failed_FAIL1_exception"
                       class="testMethodDetails">
                     <pre style="padding: 5px; margin: 0;">java.lang.AssertionError: expected [Agents Listing] but found [New Agent]
                        	at org.testng.Assert.fail(Assert.java:93)
                        	at org.testng.Assert.failNotEquals(Assert.java:512)
                        	at org.testng.Assert.assertEqualsImpl(Assert.java:134)
                        	at org.testng.Assert.assertEquals(Assert.java:115)
                        	at org.testng.Assert.assertEquals(Assert.java:189)
                        	at org.testng.Assert.assertEquals(Assert.java:199)
                        	at com.braindigit.addagent.AddAgentArray.LoginAgent(AddAgentArray.java:120)
                        	at sun.reflect.NativeMethodAccessorImpl.invoke0(Native Method)
                        	at sun.reflect.NativeMethodAccessorImpl.invoke(Unknown Source)
                        	at sun.reflect.DelegatingMethodAccessorImpl.invoke(Unknown Source)
                        	at java.lang.reflect.Method.invoke(Unknown Source)
                        	at org.testng.internal.MethodInvocationHelper.invokeMethod(MethodInvocationHelper.java:108)
                        	at org.testng.internal.Invoker.invokeMethod(Invoker.java:661)
                        	at org.testng.internal.Invoker.invokeTestMethod(Invoker.java:869)
                        	at org.testng.internal.Invoker.invokeTestMethods(Invoker.java:1193)
                        	at org.testng.internal.TestMethodWorker.invokeTestMethods(TestMethodWorker.java:126)
                        	at org.testng.internal.TestMethodWorker.run(TestMethodWorker.java:109)
                        	at org.testng.TestRunner.privateRun(TestRunner.java:744)
                        	at org.testng.TestRunner.run(TestRunner.java:602)
                        	at org.testng.SuiteRunner.runTest(SuiteRunner.java:380)
                        	at org.testng.SuiteRunner.runSequentially(SuiteRunner.java:375)
                        	at org.testng.SuiteRunner.privateRun(SuiteRunner.java:340)
                        	at org.testng.SuiteRunner.run(SuiteRunner.java:289)
                        	at org.testng.SuiteRunnerWorker.runSuite(SuiteRunnerWorker.java:52)
                        	at org.testng.SuiteRunnerWorker.run(SuiteRunnerWorker.java:86)
                        	at org.testng.TestNG.runSuitesSequentially(TestNG.java:1301)
                        	at org.testng.TestNG.runSuitesLocally(TestNG.java:1226)
                        	at org.testng.TestNG.runSuites(TestNG.java:1144)
                        	at org.testng.TestNG.run(TestNG.java:1115)
                        	at org.testng.remote.AbstractRemoteTestNG.run(AbstractRemoteTestNG.java:132)
                        	at org.testng.remote.RemoteTestNG.initAndRun(RemoteTestNG.java:230)
                        	at org.testng.remote.RemoteTestNG.main(RemoteTestNG.java:76)
                     </pre>
                  </div>
               </td>
            </tr>
            <tr id="com.braindigit.addagent.AddAgentArray_LoginAgent_byStatus_failed_FAIL2_row"
                class="testMethodStatusFAIL">
               <td width="100%" class="firstMethodCell">
                  <a onclick="toggleDetailsVisibility('com.braindigit.addagent.AddAgentArray_LoginAgent_byStatus_failed_FAIL2_details')">LoginAgent([Ljava.lang.String;@132ddbab)</a>
               </td>
               <td nowrap="true">16:57:26</td>
               <td nowrap="true" align="right">9s
                  
               </td>
               <td nowrap="true">
                  <a onclick="toggleDetailsVisibility('com.braindigit.addagent.AddAgentArray_LoginAgent_byStatus_failed_FAIL2_exception')">java.lang.AssertionError: 
                     expected [Agents Listing] but found [New Agent]
                     
                  </a>
                   
                  
               </td>
            </tr>
            <tr>
               <td colspan="4" class="detailsBox">
                  <div id="com.braindigit.addagent.AddAgentArray_LoginAgent_byStatus_failed_FAIL2_details"
                       class="testMethodDetails">
                     <div>
                        <b>Name: </b>LoginAgent
                     </div>
                     <div>
                        <b>Signature: </b>LoginAgent([Ljava.lang.String;)[pri:2, instance:com.braindigit.addagent.AddAgentArray@4678c730]
                     </div>
                     <div>
                        <b>Parameters: </b>
                        
                        [Ljava.lang.String;@132ddbab
                        
                        
                     </div>
                     <div>
                        <b>Start time: </b>16:57:26
                     </div>
                     <div>
                        <b>End time: </b>16:57:36
                     </div>
                     <div>
                        <b>Duration: </b>9s
                        
                     </div>
                  </div>
               </td>
            </tr>
            <tr>
               <td colspan="4" class="detailsBox">
                  <div id="com.braindigit.addagent.AddAgentArray_LoginAgent_byStatus_failed_FAIL2_exception"
                       class="testMethodDetails">
                     <pre style="padding: 5px; margin: 0;">java.lang.AssertionError: expected [Agents Listing] but found [New Agent]
                        	at org.testng.Assert.fail(Assert.java:93)
                        	at org.testng.Assert.failNotEquals(Assert.java:512)
                        	at org.testng.Assert.assertEqualsImpl(Assert.java:134)
                        	at org.testng.Assert.assertEquals(Assert.java:115)
                        	at org.testng.Assert.assertEquals(Assert.java:189)
                        	at org.testng.Assert.assertEquals(Assert.java:199)
                        	at com.braindigit.addagent.AddAgentArray.LoginAgent(AddAgentArray.java:120)
                        	at sun.reflect.NativeMethodAccessorImpl.invoke0(Native Method)
                        	at sun.reflect.NativeMethodAccessorImpl.invoke(Unknown Source)
                        	at sun.reflect.DelegatingMethodAccessorImpl.invoke(Unknown Source)
                        	at java.lang.reflect.Method.invoke(Unknown Source)
                        	at org.testng.internal.MethodInvocationHelper.invokeMethod(MethodInvocationHelper.java:108)
                        	at org.testng.internal.Invoker.invokeMethod(Invoker.java:661)
                        	at org.testng.internal.Invoker.invokeTestMethod(Invoker.java:869)
                        	at org.testng.internal.Invoker.invokeTestMethods(Invoker.java:1193)
                        	at org.testng.internal.TestMethodWorker.invokeTestMethods(TestMethodWorker.java:126)
                        	at org.testng.internal.TestMethodWorker.run(TestMethodWorker.java:109)
                        	at org.testng.TestRunner.privateRun(TestRunner.java:744)
                        	at org.testng.TestRunner.run(TestRunner.java:602)
                        	at org.testng.SuiteRunner.runTest(SuiteRunner.java:380)
                        	at org.testng.SuiteRunner.runSequentially(SuiteRunner.java:375)
                        	at org.testng.SuiteRunner.privateRun(SuiteRunner.java:340)
                        	at org.testng.SuiteRunner.run(SuiteRunner.java:289)
                        	at org.testng.SuiteRunnerWorker.runSuite(SuiteRunnerWorker.java:52)
                        	at org.testng.SuiteRunnerWorker.run(SuiteRunnerWorker.java:86)
                        	at org.testng.TestNG.runSuitesSequentially(TestNG.java:1301)
                        	at org.testng.TestNG.runSuitesLocally(TestNG.java:1226)
                        	at org.testng.TestNG.runSuites(TestNG.java:1144)
                        	at org.testng.TestNG.run(TestNG.java:1115)
                        	at org.testng.remote.AbstractRemoteTestNG.run(AbstractRemoteTestNG.java:132)
                        	at org.testng.remote.RemoteTestNG.initAndRun(RemoteTestNG.java:230)
                        	at org.testng.remote.RemoteTestNG.main(RemoteTestNG.java:76)
                     </pre>
                  </div>
               </td>
            </tr>
            <tr id="com.braindigit.addagent.AddAgentArray_LoginAgent_byStatus_failed_FAIL3_row"
                class="testMethodStatusFAIL">
               <td width="100%" class="firstMethodCell">
                  <a onclick="toggleDetailsVisibility('com.braindigit.addagent.AddAgentArray_LoginAgent_byStatus_failed_FAIL3_details')">LoginAgent([Ljava.lang.String;@297ea53a)</a>
               </td>
               <td nowrap="true">16:57:36</td>
               <td nowrap="true" align="right">9s
                  
               </td>
               <td nowrap="true">
                  <a onclick="toggleDetailsVisibility('com.braindigit.addagent.AddAgentArray_LoginAgent_byStatus_failed_FAIL3_exception')">java.lang.AssertionError: 
                     expected [Agents Listing] but found [New Agent]
                     
                  </a>
                   
                  
               </td>
            </tr>
            <tr>
               <td colspan="4" class="detailsBox">
                  <div id="com.braindigit.addagent.AddAgentArray_LoginAgent_byStatus_failed_FAIL3_details"
                       class="testMethodDetails">
                     <div>
                        <b>Name: </b>LoginAgent
                     </div>
                     <div>
                        <b>Signature: </b>LoginAgent([Ljava.lang.String;)[pri:2, instance:com.braindigit.addagent.AddAgentArray@4678c730]
                     </div>
                     <div>
                        <b>Parameters: </b>
                        
                        [Ljava.lang.String;@297ea53a
                        
                        
                     </div>
                     <div>
                        <b>Start time: </b>16:57:36
                     </div>
                     <div>
                        <b>End time: </b>16:57:46
                     </div>
                     <div>
                        <b>Duration: </b>9s
                        
                     </div>
                  </div>
               </td>
            </tr>
            <tr>
               <td colspan="4" class="detailsBox">
                  <div id="com.braindigit.addagent.AddAgentArray_LoginAgent_byStatus_failed_FAIL3_exception"
                       class="testMethodDetails">
                     <pre style="padding: 5px; margin: 0;">java.lang.AssertionError: expected [Agents Listing] but found [New Agent]
                        	at org.testng.Assert.fail(Assert.java:93)
                        	at org.testng.Assert.failNotEquals(Assert.java:512)
                        	at org.testng.Assert.assertEqualsImpl(Assert.java:134)
                        	at org.testng.Assert.assertEquals(Assert.java:115)
                        	at org.testng.Assert.assertEquals(Assert.java:189)
                        	at org.testng.Assert.assertEquals(Assert.java:199)
                        	at com.braindigit.addagent.AddAgentArray.LoginAgent(AddAgentArray.java:120)
                        	at sun.reflect.NativeMethodAccessorImpl.invoke0(Native Method)
                        	at sun.reflect.NativeMethodAccessorImpl.invoke(Unknown Source)
                        	at sun.reflect.DelegatingMethodAccessorImpl.invoke(Unknown Source)
                        	at java.lang.reflect.Method.invoke(Unknown Source)
                        	at org.testng.internal.MethodInvocationHelper.invokeMethod(MethodInvocationHelper.java:108)
                        	at org.testng.internal.Invoker.invokeMethod(Invoker.java:661)
                        	at org.testng.internal.Invoker.invokeTestMethod(Invoker.java:869)
                        	at org.testng.internal.Invoker.invokeTestMethods(Invoker.java:1193)
                        	at org.testng.internal.TestMethodWorker.invokeTestMethods(TestMethodWorker.java:126)
                        	at org.testng.internal.TestMethodWorker.run(TestMethodWorker.java:109)
                        	at org.testng.TestRunner.privateRun(TestRunner.java:744)
                        	at org.testng.TestRunner.run(TestRunner.java:602)
                        	at org.testng.SuiteRunner.runTest(SuiteRunner.java:380)
                        	at org.testng.SuiteRunner.runSequentially(SuiteRunner.java:375)
                        	at org.testng.SuiteRunner.privateRun(SuiteRunner.java:340)
                        	at org.testng.SuiteRunner.run(SuiteRunner.java:289)
                        	at org.testng.SuiteRunnerWorker.runSuite(SuiteRunnerWorker.java:52)
                        	at org.testng.SuiteRunnerWorker.run(SuiteRunnerWorker.java:86)
                        	at org.testng.TestNG.runSuitesSequentially(TestNG.java:1301)
                        	at org.testng.TestNG.runSuitesLocally(TestNG.java:1226)
                        	at org.testng.TestNG.runSuites(TestNG.java:1144)
                        	at org.testng.TestNG.run(TestNG.java:1115)
                        	at org.testng.remote.AbstractRemoteTestNG.run(AbstractRemoteTestNG.java:132)
                        	at org.testng.remote.RemoteTestNG.initAndRun(RemoteTestNG.java:230)
                        	at org.testng.remote.RemoteTestNG.main(RemoteTestNG.java:76)
                     </pre>
                  </div>
               </td>
            </tr>
            <tr id="com.braindigit.addagent.AddAgentArray_LoginAgent_byStatus_failed_FAIL4_row"
                class="testMethodStatusFAIL">
               <td width="100%" class="firstMethodCell">
                  <a onclick="toggleDetailsVisibility('com.braindigit.addagent.AddAgentArray_LoginAgent_byStatus_failed_FAIL4_details')">LoginAgent([Ljava.lang.String;@acb0951)</a>
               </td>
               <td nowrap="true">16:57:56</td>
               <td nowrap="true" align="right">8s
                  
               </td>
               <td nowrap="true">
                  <a onclick="toggleDetailsVisibility('com.braindigit.addagent.AddAgentArray_LoginAgent_byStatus_failed_FAIL4_exception')">java.lang.AssertionError: 
                     expected [Agents Listing] but found [New Agent]
                     
                  </a>
                   
                  
               </td>
            </tr>
            <tr>
               <td colspan="4" class="detailsBox">
                  <div id="com.braindigit.addagent.AddAgentArray_LoginAgent_byStatus_failed_FAIL4_details"
                       class="testMethodDetails">
                     <div>
                        <b>Name: </b>LoginAgent
                     </div>
                     <div>
                        <b>Signature: </b>LoginAgent([Ljava.lang.String;)[pri:2, instance:com.braindigit.addagent.AddAgentArray@4678c730]
                     </div>
                     <div>
                        <b>Parameters: </b>
                        
                        [Ljava.lang.String;@acb0951
                        
                        
                     </div>
                     <div>
                        <b>Start time: </b>16:57:56
                     </div>
                     <div>
                        <b>End time: </b>16:58:04
                     </div>
                     <div>
                        <b>Duration: </b>8s
                        
                     </div>
                  </div>
               </td>
            </tr>
            <tr>
               <td colspan="4" class="detailsBox">
                  <div id="com.braindigit.addagent.AddAgentArray_LoginAgent_byStatus_failed_FAIL4_exception"
                       class="testMethodDetails">
                     <pre style="padding: 5px; margin: 0;">java.lang.AssertionError: expected [Agents Listing] but found [New Agent]
                        	at org.testng.Assert.fail(Assert.java:93)
                        	at org.testng.Assert.failNotEquals(Assert.java:512)
                        	at org.testng.Assert.assertEqualsImpl(Assert.java:134)
                        	at org.testng.Assert.assertEquals(Assert.java:115)
                        	at org.testng.Assert.assertEquals(Assert.java:189)
                        	at org.testng.Assert.assertEquals(Assert.java:199)
                        	at com.braindigit.addagent.AddAgentArray.LoginAgent(AddAgentArray.java:120)
                        	at sun.reflect.NativeMethodAccessorImpl.invoke0(Native Method)
                        	at sun.reflect.NativeMethodAccessorImpl.invoke(Unknown Source)
                        	at sun.reflect.DelegatingMethodAccessorImpl.invoke(Unknown Source)
                        	at java.lang.reflect.Method.invoke(Unknown Source)
                        	at org.testng.internal.MethodInvocationHelper.invokeMethod(MethodInvocationHelper.java:108)
                        	at org.testng.internal.Invoker.invokeMethod(Invoker.java:661)
                        	at org.testng.internal.Invoker.invokeTestMethod(Invoker.java:869)
                        	at org.testng.internal.Invoker.invokeTestMethods(Invoker.java:1193)
                        	at org.testng.internal.TestMethodWorker.invokeTestMethods(TestMethodWorker.java:126)
                        	at org.testng.internal.TestMethodWorker.run(TestMethodWorker.java:109)
                        	at org.testng.TestRunner.privateRun(TestRunner.java:744)
                        	at org.testng.TestRunner.run(TestRunner.java:602)
                        	at org.testng.SuiteRunner.runTest(SuiteRunner.java:380)
                        	at org.testng.SuiteRunner.runSequentially(SuiteRunner.java:375)
                        	at org.testng.SuiteRunner.privateRun(SuiteRunner.java:340)
                        	at org.testng.SuiteRunner.run(SuiteRunner.java:289)
                        	at org.testng.SuiteRunnerWorker.runSuite(SuiteRunnerWorker.java:52)
                        	at org.testng.SuiteRunnerWorker.run(SuiteRunnerWorker.java:86)
                        	at org.testng.TestNG.runSuitesSequentially(TestNG.java:1301)
                        	at org.testng.TestNG.runSuitesLocally(TestNG.java:1226)
                        	at org.testng.TestNG.runSuites(TestNG.java:1144)
                        	at org.testng.TestNG.run(TestNG.java:1115)
                        	at org.testng.remote.AbstractRemoteTestNG.run(AbstractRemoteTestNG.java:132)
                        	at org.testng.remote.RemoteTestNG.initAndRun(RemoteTestNG.java:230)
                        	at org.testng.remote.RemoteTestNG.main(RemoteTestNG.java:76)
                     </pre>
                  </div>
               </td>
            </tr>
            <tr id="com.braindigit.addagent.AddAgentArray_LoginAgent_byStatus_failed_FAIL5_row"
                class="testMethodStatusFAIL">
               <td width="100%" class="firstMethodCell">
                  <a onclick="toggleDetailsVisibility('com.braindigit.addagent.AddAgentArray_LoginAgent_byStatus_failed_FAIL5_details')">LoginAgent([Ljava.lang.String;@5bf22f18)</a>
               </td>
               <td nowrap="true">16:58:04</td>
               <td nowrap="true" align="right">7s
                  
               </td>
               <td nowrap="true">
                  <a onclick="toggleDetailsVisibility('com.braindigit.addagent.AddAgentArray_LoginAgent_byStatus_failed_FAIL5_exception')">java.lang.AssertionError: 
                     expected [Agents Listing] but found [New Agent]
                     
                  </a>
                   
                  
               </td>
            </tr>
            <tr>
               <td colspan="4" class="detailsBox">
                  <div id="com.braindigit.addagent.AddAgentArray_LoginAgent_byStatus_failed_FAIL5_details"
                       class="testMethodDetails">
                     <div>
                        <b>Name: </b>LoginAgent
                     </div>
                     <div>
                        <b>Signature: </b>LoginAgent([Ljava.lang.String;)[pri:2, instance:com.braindigit.addagent.AddAgentArray@4678c730]
                     </div>
                     <div>
                        <b>Parameters: </b>
                        
                        [Ljava.lang.String;@5bf22f18
                        
                        
                     </div>
                     <div>
                        <b>Start time: </b>16:58:04
                     </div>
                     <div>
                        <b>End time: </b>16:58:12
                     </div>
                     <div>
                        <b>Duration: </b>7s
                        
                     </div>
                  </div>
               </td>
            </tr>
            <tr>
               <td colspan="4" class="detailsBox">
                  <div id="com.braindigit.addagent.AddAgentArray_LoginAgent_byStatus_failed_FAIL5_exception"
                       class="testMethodDetails">
                     <pre style="padding: 5px; margin: 0;">java.lang.AssertionError: expected [Agents Listing] but found [New Agent]
                        	at org.testng.Assert.fail(Assert.java:93)
                        	at org.testng.Assert.failNotEquals(Assert.java:512)
                        	at org.testng.Assert.assertEqualsImpl(Assert.java:134)
                        	at org.testng.Assert.assertEquals(Assert.java:115)
                        	at org.testng.Assert.assertEquals(Assert.java:189)
                        	at org.testng.Assert.assertEquals(Assert.java:199)
                        	at com.braindigit.addagent.AddAgentArray.LoginAgent(AddAgentArray.java:120)
                        	at sun.reflect.NativeMethodAccessorImpl.invoke0(Native Method)
                        	at sun.reflect.NativeMethodAccessorImpl.invoke(Unknown Source)
                        	at sun.reflect.DelegatingMethodAccessorImpl.invoke(Unknown Source)
                        	at java.lang.reflect.Method.invoke(Unknown Source)
                        	at org.testng.internal.MethodInvocationHelper.invokeMethod(MethodInvocationHelper.java:108)
                        	at org.testng.internal.Invoker.invokeMethod(Invoker.java:661)
                        	at org.testng.internal.Invoker.invokeTestMethod(Invoker.java:869)
                        	at org.testng.internal.Invoker.invokeTestMethods(Invoker.java:1193)
                        	at org.testng.internal.TestMethodWorker.invokeTestMethods(TestMethodWorker.java:126)
                        	at org.testng.internal.TestMethodWorker.run(TestMethodWorker.java:109)
                        	at org.testng.TestRunner.privateRun(TestRunner.java:744)
                        	at org.testng.TestRunner.run(TestRunner.java:602)
                        	at org.testng.SuiteRunner.runTest(SuiteRunner.java:380)
                        	at org.testng.SuiteRunner.runSequentially(SuiteRunner.java:375)
                        	at org.testng.SuiteRunner.privateRun(SuiteRunner.java:340)
                        	at org.testng.SuiteRunner.run(SuiteRunner.java:289)
                        	at org.testng.SuiteRunnerWorker.runSuite(SuiteRunnerWorker.java:52)
                        	at org.testng.SuiteRunnerWorker.run(SuiteRunnerWorker.java:86)
                        	at org.testng.TestNG.runSuitesSequentially(TestNG.java:1301)
                        	at org.testng.TestNG.runSuitesLocally(TestNG.java:1226)
                        	at org.testng.TestNG.runSuites(TestNG.java:1144)
                        	at org.testng.TestNG.run(TestNG.java:1115)
                        	at org.testng.remote.AbstractRemoteTestNG.run(AbstractRemoteTestNG.java:132)
                        	at org.testng.remote.RemoteTestNG.initAndRun(RemoteTestNG.java:230)
                        	at org.testng.remote.RemoteTestNG.main(RemoteTestNG.java:76)
                     </pre>
                  </div>
               </td>
            </tr>
            <tr id="com.braindigit.addagent.AddAgentArray_LoginAgent_byStatus_failed_FAIL6_row"
                class="testMethodStatusFAIL">
               <td width="100%" class="firstMethodCell">
                  <a onclick="toggleDetailsVisibility('com.braindigit.addagent.AddAgentArray_LoginAgent_byStatus_failed_FAIL6_details')">LoginAgent([Ljava.lang.String;@267f474e)</a>
               </td>
               <td nowrap="true">16:58:23</td>
               <td nowrap="true" align="right">9s
                  
               </td>
               <td nowrap="true">
                  <a onclick="toggleDetailsVisibility('com.braindigit.addagent.AddAgentArray_LoginAgent_byStatus_failed_FAIL6_exception')">java.lang.AssertionError: 
                     expected [Agents Listing] but found [New Agent]
                     
                  </a>
                   
                  
               </td>
            </tr>
            <tr>
               <td colspan="4" class="detailsBox">
                  <div id="com.braindigit.addagent.AddAgentArray_LoginAgent_byStatus_failed_FAIL6_details"
                       class="testMethodDetails">
                     <div>
                        <b>Name: </b>LoginAgent
                     </div>
                     <div>
                        <b>Signature: </b>LoginAgent([Ljava.lang.String;)[pri:2, instance:com.braindigit.addagent.AddAgentArray@4678c730]
                     </div>
                     <div>
                        <b>Parameters: </b>
                        
                        [Ljava.lang.String;@267f474e
                        
                        
                     </div>
                     <div>
                        <b>Start time: </b>16:58:23
                     </div>
                     <div>
                        <b>End time: </b>16:58:32
                     </div>
                     <div>
                        <b>Duration: </b>9s
                        
                     </div>
                  </div>
               </td>
            </tr>
            <tr>
               <td colspan="4" class="detailsBox">
                  <div id="com.braindigit.addagent.AddAgentArray_LoginAgent_byStatus_failed_FAIL6_exception"
                       class="testMethodDetails">
                     <pre style="padding: 5px; margin: 0;">java.lang.AssertionError: expected [Agents Listing] but found [New Agent]
                        	at org.testng.Assert.fail(Assert.java:93)
                        	at org.testng.Assert.failNotEquals(Assert.java:512)
                        	at org.testng.Assert.assertEqualsImpl(Assert.java:134)
                        	at org.testng.Assert.assertEquals(Assert.java:115)
                        	at org.testng.Assert.assertEquals(Assert.java:189)
                        	at org.testng.Assert.assertEquals(Assert.java:199)
                        	at com.braindigit.addagent.AddAgentArray.LoginAgent(AddAgentArray.java:120)
                        	at sun.reflect.NativeMethodAccessorImpl.invoke0(Native Method)
                        	at sun.reflect.NativeMethodAccessorImpl.invoke(Unknown Source)
                        	at sun.reflect.DelegatingMethodAccessorImpl.invoke(Unknown Source)
                        	at java.lang.reflect.Method.invoke(Unknown Source)
                        	at org.testng.internal.MethodInvocationHelper.invokeMethod(MethodInvocationHelper.java:108)
                        	at org.testng.internal.Invoker.invokeMethod(Invoker.java:661)
                        	at org.testng.internal.Invoker.invokeTestMethod(Invoker.java:869)
                        	at org.testng.internal.Invoker.invokeTestMethods(Invoker.java:1193)
                        	at org.testng.internal.TestMethodWorker.invokeTestMethods(TestMethodWorker.java:126)
                        	at org.testng.internal.TestMethodWorker.run(TestMethodWorker.java:109)
                        	at org.testng.TestRunner.privateRun(TestRunner.java:744)
                        	at org.testng.TestRunner.run(TestRunner.java:602)
                        	at org.testng.SuiteRunner.runTest(SuiteRunner.java:380)
                        	at org.testng.SuiteRunner.runSequentially(SuiteRunner.java:375)
                        	at org.testng.SuiteRunner.privateRun(SuiteRunner.java:340)
                        	at org.testng.SuiteRunner.run(SuiteRunner.java:289)
                        	at org.testng.SuiteRunnerWorker.runSuite(SuiteRunnerWorker.java:52)
                        	at org.testng.SuiteRunnerWorker.run(SuiteRunnerWorker.java:86)
                        	at org.testng.TestNG.runSuitesSequentially(TestNG.java:1301)
                        	at org.testng.TestNG.runSuitesLocally(TestNG.java:1226)
                        	at org.testng.TestNG.runSuites(TestNG.java:1144)
                        	at org.testng.TestNG.run(TestNG.java:1115)
                        	at org.testng.remote.AbstractRemoteTestNG.run(AbstractRemoteTestNG.java:132)
                        	at org.testng.remote.RemoteTestNG.initAndRun(RemoteTestNG.java:230)
                        	at org.testng.remote.RemoteTestNG.main(RemoteTestNG.java:76)
                     </pre>
                  </div>
               </td>
            </tr>
            <tr id="com.braindigit.addagent.AddAgentArray_LoginAgent_byStatus_failed_FAIL7_row"
                class="testMethodStatusFAIL">
               <td width="100%" class="firstMethodCell">
                  <a onclick="toggleDetailsVisibility('com.braindigit.addagent.AddAgentArray_LoginAgent_byStatus_failed_FAIL7_details')">LoginAgent([Ljava.lang.String;@7a7471ce)</a>
               </td>
               <td nowrap="true">16:58:32</td>
               <td nowrap="true" align="right">7s
                  
               </td>
               <td nowrap="true">
                  <a onclick="toggleDetailsVisibility('com.braindigit.addagent.AddAgentArray_LoginAgent_byStatus_failed_FAIL7_exception')">java.lang.AssertionError: 
                     expected [Agents Listing] but found [New Agent]
                     
                  </a>
                   
                  
               </td>
            </tr>
            <tr>
               <td colspan="4" class="detailsBox">
                  <div id="com.braindigit.addagent.AddAgentArray_LoginAgent_byStatus_failed_FAIL7_details"
                       class="testMethodDetails">
                     <div>
                        <b>Name: </b>LoginAgent
                     </div>
                     <div>
                        <b>Signature: </b>LoginAgent([Ljava.lang.String;)[pri:2, instance:com.braindigit.addagent.AddAgentArray@4678c730]
                     </div>
                     <div>
                        <b>Parameters: </b>
                        
                        [Ljava.lang.String;@7a7471ce
                        
                        
                     </div>
                     <div>
                        <b>Start time: </b>16:58:32
                     </div>
                     <div>
                        <b>End time: </b>16:58:40
                     </div>
                     <div>
                        <b>Duration: </b>7s
                        
                     </div>
                  </div>
               </td>
            </tr>
            <tr>
               <td colspan="4" class="detailsBox">
                  <div id="com.braindigit.addagent.AddAgentArray_LoginAgent_byStatus_failed_FAIL7_exception"
                       class="testMethodDetails">
                     <pre style="padding: 5px; margin: 0;">java.lang.AssertionError: expected [Agents Listing] but found [New Agent]
                        	at org.testng.Assert.fail(Assert.java:93)
                        	at org.testng.Assert.failNotEquals(Assert.java:512)
                        	at org.testng.Assert.assertEqualsImpl(Assert.java:134)
                        	at org.testng.Assert.assertEquals(Assert.java:115)
                        	at org.testng.Assert.assertEquals(Assert.java:189)
                        	at org.testng.Assert.assertEquals(Assert.java:199)
                        	at com.braindigit.addagent.AddAgentArray.LoginAgent(AddAgentArray.java:120)
                        	at sun.reflect.NativeMethodAccessorImpl.invoke0(Native Method)
                        	at sun.reflect.NativeMethodAccessorImpl.invoke(Unknown Source)
                        	at sun.reflect.DelegatingMethodAccessorImpl.invoke(Unknown Source)
                        	at java.lang.reflect.Method.invoke(Unknown Source)
                        	at org.testng.internal.MethodInvocationHelper.invokeMethod(MethodInvocationHelper.java:108)
                        	at org.testng.internal.Invoker.invokeMethod(Invoker.java:661)
                        	at org.testng.internal.Invoker.invokeTestMethod(Invoker.java:869)
                        	at org.testng.internal.Invoker.invokeTestMethods(Invoker.java:1193)
                        	at org.testng.internal.TestMethodWorker.invokeTestMethods(TestMethodWorker.java:126)
                        	at org.testng.internal.TestMethodWorker.run(TestMethodWorker.java:109)
                        	at org.testng.TestRunner.privateRun(TestRunner.java:744)
                        	at org.testng.TestRunner.run(TestRunner.java:602)
                        	at org.testng.SuiteRunner.runTest(SuiteRunner.java:380)
                        	at org.testng.SuiteRunner.runSequentially(SuiteRunner.java:375)
                        	at org.testng.SuiteRunner.privateRun(SuiteRunner.java:340)
                        	at org.testng.SuiteRunner.run(SuiteRunner.java:289)
                        	at org.testng.SuiteRunnerWorker.runSuite(SuiteRunnerWorker.java:52)
                        	at org.testng.SuiteRunnerWorker.run(SuiteRunnerWorker.java:86)
                        	at org.testng.TestNG.runSuitesSequentially(TestNG.java:1301)
                        	at org.testng.TestNG.runSuitesLocally(TestNG.java:1226)
                        	at org.testng.TestNG.runSuites(TestNG.java:1144)
                        	at org.testng.TestNG.run(TestNG.java:1115)
                        	at org.testng.remote.AbstractRemoteTestNG.run(AbstractRemoteTestNG.java:132)
                        	at org.testng.remote.RemoteTestNG.initAndRun(RemoteTestNG.java:230)
                        	at org.testng.remote.RemoteTestNG.main(RemoteTestNG.java:76)
                     </pre>
                  </div>
               </td>
            </tr>
            <tr id="com.braindigit.addagent.AddAgentArray_openDriver_byStatus_passed_PASS1_row"
                class="testMethodStatusPASS testMethodStatusCONF">
               <td width="100%" class="firstMethodCell">
                  <a onclick="toggleDetailsVisibility('com.braindigit.addagent.AddAgentArray_openDriver_byStatus_passed_PASS1_details')">openDriver()</a>
               </td>
               <td nowrap="true">16:56:43</td>
               <td nowrap="true" align="right">9s
                  
               </td>
               <td nowrap="true">
                   
                  
               </td>
            </tr>
            <tr>
               <td colspan="4" class="detailsBox">
                  <div id="com.braindigit.addagent.AddAgentArray_openDriver_byStatus_passed_PASS1_details"
                       class="testMethodDetails">
                     <div>
                        <b>Name: </b>openDriver
                     </div>
                     <div>
                        <b>Signature: </b>openDriver()[pri:0, instance:com.braindigit.addagent.AddAgentArray@4678c730]
                     </div>
                     <div>
                        <b>Start time: </b>16:56:43
                     </div>
                     <div>
                        <b>End time: </b>16:56:52
                     </div>
                     <div>
                        <b>Duration: </b>9s
                        
                     </div>
                  </div>
               </td>
            </tr>
            <tr></tr>
            <tr id="com.braindigit.addagent.AddAgentArray_LoginAgency_byStatus_passed_PASS2_row"
                class="testMethodStatusPASS">
               <td width="100%" class="firstMethodCell">
                  <a onclick="toggleDetailsVisibility('com.braindigit.addagent.AddAgentArray_LoginAgency_byStatus_passed_PASS2_details')">LoginAgency()</a>
               </td>
               <td nowrap="true">16:56:52</td>
               <td nowrap="true" align="right">10s
                  
               </td>
               <td nowrap="true">
                   
                  
               </td>
            </tr>
            <tr>
               <td colspan="4" class="detailsBox">
                  <div id="com.braindigit.addagent.AddAgentArray_LoginAgency_byStatus_passed_PASS2_details"
                       class="testMethodDetails">
                     <div>
                        <b>Name: </b>LoginAgency
                     </div>
                     <div>
                        <b>Signature: </b>LoginAgency()[pri:1, instance:com.braindigit.addagent.AddAgentArray@4678c730]
                     </div>
                     <div>
                        <b>Start time: </b>16:56:52
                     </div>
                     <div>
                        <b>End time: </b>16:57:03
                     </div>
                     <div>
                        <b>Duration: </b>10s
                        
                     </div>
                  </div>
               </td>
            </tr>
            <tr></tr>
            <tr id="com.braindigit.addagent.AddAgentArray_LoginAgent_byStatus_passed_PASS3_row"
                class="testMethodStatusPASS">
               <td width="100%" class="firstMethodCell">
                  <a onclick="toggleDetailsVisibility('com.braindigit.addagent.AddAgentArray_LoginAgent_byStatus_passed_PASS3_details')">LoginAgent([Ljava.lang.String;@28276e50)</a>
               </td>
               <td nowrap="true">16:57:03</td>
               <td nowrap="true" align="right">13s
                  
               </td>
               <td nowrap="true">
                   
                  
               </td>
            </tr>
            <tr>
               <td colspan="4" class="detailsBox">
                  <div id="com.braindigit.addagent.AddAgentArray_LoginAgent_byStatus_passed_PASS3_details"
                       class="testMethodDetails">
                     <div>
                        <b>Name: </b>LoginAgent
                     </div>
                     <div>
                        <b>Signature: </b>LoginAgent([Ljava.lang.String;)[pri:2, instance:com.braindigit.addagent.AddAgentArray@4678c730]
                     </div>
                     <div>
                        <b>Parameters: </b>
                        
                        [Ljava.lang.String;@28276e50
                        
                        
                     </div>
                     <div>
                        <b>Start time: </b>16:57:03
                     </div>
                     <div>
                        <b>End time: </b>16:57:17
                     </div>
                     <div>
                        <b>Duration: </b>13s
                        
                     </div>
                  </div>
               </td>
            </tr>
            <tr></tr>
            <tr id="com.braindigit.addagent.AddAgentArray_LoginAgent_byStatus_passed_PASS4_row"
                class="testMethodStatusPASS">
               <td width="100%" class="firstMethodCell">
                  <a onclick="toggleDetailsVisibility('com.braindigit.addagent.AddAgentArray_LoginAgent_byStatus_passed_PASS4_details')">LoginAgent([Ljava.lang.String;@62e70ea3)</a>
               </td>
               <td nowrap="true">16:57:46</td>
               <td nowrap="true" align="right">10s
                  
               </td>
               <td nowrap="true">
                   
                  
               </td>
            </tr>
            <tr>
               <td colspan="4" class="detailsBox">
                  <div id="com.braindigit.addagent.AddAgentArray_LoginAgent_byStatus_passed_PASS4_details"
                       class="testMethodDetails">
                     <div>
                        <b>Name: </b>LoginAgent
                     </div>
                     <div>
                        <b>Signature: </b>LoginAgent([Ljava.lang.String;)[pri:2, instance:com.braindigit.addagent.AddAgentArray@4678c730]
                     </div>
                     <div>
                        <b>Parameters: </b>
                        
                        [Ljava.lang.String;@62e70ea3
                        
                        
                     </div>
                     <div>
                        <b>Start time: </b>16:57:46
                     </div>
                     <div>
                        <b>End time: </b>16:57:56
                     </div>
                     <div>
                        <b>Duration: </b>10s
                        
                     </div>
                  </div>
               </td>
            </tr>
            <tr></tr>
            <tr id="com.braindigit.addagent.AddAgentArray_LoginAgent_byStatus_passed_PASS5_row"
                class="testMethodStatusPASS">
               <td width="100%" class="firstMethodCell">
                  <a onclick="toggleDetailsVisibility('com.braindigit.addagent.AddAgentArray_LoginAgent_byStatus_passed_PASS5_details')">LoginAgent([Ljava.lang.String;@3efe7086)</a>
               </td>
               <td nowrap="true">16:58:12</td>
               <td nowrap="true" align="right">10s
                  
               </td>
               <td nowrap="true">
                   
                  
               </td>
            </tr>
            <tr>
               <td colspan="4" class="detailsBox">
                  <div id="com.braindigit.addagent.AddAgentArray_LoginAgent_byStatus_passed_PASS5_details"
                       class="testMethodDetails">
                     <div>
                        <b>Name: </b>LoginAgent
                     </div>
                     <div>
                        <b>Signature: </b>LoginAgent([Ljava.lang.String;)[pri:2, instance:com.braindigit.addagent.AddAgentArray@4678c730]
                     </div>
                     <div>
                        <b>Parameters: </b>
                        
                        [Ljava.lang.String;@3efe7086
                        
                        
                     </div>
                     <div>
                        <b>Start time: </b>16:58:12
                     </div>
                     <div>
                        <b>End time: </b>16:58:23
                     </div>
                     <div>
                        <b>Duration: </b>10s
                        
                     </div>
                  </div>
               </td>
            </tr>
            <tr></tr>
            <tr id="com.braindigit.addagent.AddAgentArray_tearDown_byStatus_passed_PASS6_row"
                class="testMethodStatusPASS testMethodStatusCONF">
               <td width="100%" class="firstMethodCell">
                  <a onclick="toggleDetailsVisibility('com.braindigit.addagent.AddAgentArray_tearDown_byStatus_passed_PASS6_details')">tearDown()</a>
               </td>
               <td nowrap="true">16:58:40</td>
               <td nowrap="true" align="right">1s
                  
               </td>
               <td nowrap="true">
                   
                  
               </td>
            </tr>
            <tr>
               <td colspan="4" class="detailsBox">
                  <div id="com.braindigit.addagent.AddAgentArray_tearDown_byStatus_passed_PASS6_details"
                       class="testMethodDetails">
                     <div>
                        <b>Name: </b>tearDown
                     </div>
                     <div>
                        <b>Signature: </b>tearDown()[pri:0, instance:com.braindigit.addagent.AddAgentArray@4678c730]
                     </div>
                     <div>
                        <b>Start time: </b>16:58:40
                     </div>
                     <div>
                        <b>End time: </b>16:58:41
                     </div>
                     <div>
                        <b>Duration: </b>1s
                        
                     </div>
                  </div>
               </td>
            </tr>
            <tr></tr>
         </table>
      </div>
      <div id="testMethodsByClass">
         <table class="testMethodsTable" cellpadding="0" cellspacing="0">
            <tr>
               <td colspan="4">
                  <h3 style="display: inline;">com.braindigit.addagent.AddAgentArray</h3>
               </td>
            </tr>
            <tr class="methodsTableHeader">
               <td width="100%">Name</td>
               <td nowrap="true">Started</td>
               <td nowrap="true">Duration</td>
               <td>Exception</td>
            </tr>
            <tr id="com.braindigit.addagent.AddAgentArray_openDriver_byClass_PASS1_row"
                class="testMethodStatusPASS testMethodStatusCONF">
               <td width="100%" class="firstMethodCell">
                  <a onclick="toggleDetailsVisibility('com.braindigit.addagent.AddAgentArray_openDriver_byClass_PASS1_details')">openDriver()</a>
               </td>
               <td nowrap="true">16:56:43</td>
               <td nowrap="true" align="right">9s
                  
               </td>
               <td nowrap="true">
                   
                  
               </td>
            </tr>
            <tr>
               <td colspan="4" class="detailsBox">
                  <div id="com.braindigit.addagent.AddAgentArray_openDriver_byClass_PASS1_details"
                       class="testMethodDetails">
                     <div>
                        <b>Name: </b>openDriver
                     </div>
                     <div>
                        <b>Signature: </b>openDriver()[pri:0, instance:com.braindigit.addagent.AddAgentArray@4678c730]
                     </div>
                     <div>
                        <b>Start time: </b>16:56:43
                     </div>
                     <div>
                        <b>End time: </b>16:56:52
                     </div>
                     <div>
                        <b>Duration: </b>9s
                        
                     </div>
                  </div>
               </td>
            </tr>
            <tr></tr>
            <tr id="com.braindigit.addagent.AddAgentArray_LoginAgency_byClass_PASS2_row"
                class="testMethodStatusPASS">
               <td width="100%" class="firstMethodCell">
                  <a onclick="toggleDetailsVisibility('com.braindigit.addagent.AddAgentArray_LoginAgency_byClass_PASS2_details')">LoginAgency()</a>
               </td>
               <td nowrap="true">16:56:52</td>
               <td nowrap="true" align="right">10s
                  
               </td>
               <td nowrap="true">
                   
                  
               </td>
            </tr>
            <tr>
               <td colspan="4" class="detailsBox">
                  <div id="com.braindigit.addagent.AddAgentArray_LoginAgency_byClass_PASS2_details"
                       class="testMethodDetails">
                     <div>
                        <b>Name: </b>LoginAgency
                     </div>
                     <div>
                        <b>Signature: </b>LoginAgency()[pri:1, instance:com.braindigit.addagent.AddAgentArray@4678c730]
                     </div>
                     <div>
                        <b>Start time: </b>16:56:52
                     </div>
                     <div>
                        <b>End time: </b>16:57:03
                     </div>
                     <div>
                        <b>Duration: </b>10s
                        
                     </div>
                  </div>
               </td>
            </tr>
            <tr></tr>
            <tr id="com.braindigit.addagent.AddAgentArray_LoginAgent_byClass_PASS3_row"
                class="testMethodStatusPASS">
               <td width="100%" class="firstMethodCell">
                  <a onclick="toggleDetailsVisibility('com.braindigit.addagent.AddAgentArray_LoginAgent_byClass_PASS3_details')">LoginAgent([Ljava.lang.String;@28276e50)</a>
               </td>
               <td nowrap="true">16:57:03</td>
               <td nowrap="true" align="right">13s
                  
               </td>
               <td nowrap="true">
                   
                  
               </td>
            </tr>
            <tr>
               <td colspan="4" class="detailsBox">
                  <div id="com.braindigit.addagent.AddAgentArray_LoginAgent_byClass_PASS3_details"
                       class="testMethodDetails">
                     <div>
                        <b>Name: </b>LoginAgent
                     </div>
                     <div>
                        <b>Signature: </b>LoginAgent([Ljava.lang.String;)[pri:2, instance:com.braindigit.addagent.AddAgentArray@4678c730]
                     </div>
                     <div>
                        <b>Parameters: </b>
                        
                        [Ljava.lang.String;@28276e50
                        
                        
                     </div>
                     <div>
                        <b>Start time: </b>16:57:03
                     </div>
                     <div>
                        <b>End time: </b>16:57:17
                     </div>
                     <div>
                        <b>Duration: </b>13s
                        
                     </div>
                  </div>
               </td>
            </tr>
            <tr></tr>
            <tr id="com.braindigit.addagent.AddAgentArray_LoginAgent_byClass_FAIL4_row"
                class="testMethodStatusFAIL">
               <td width="100%" class="firstMethodCell">
                  <a onclick="toggleDetailsVisibility('com.braindigit.addagent.AddAgentArray_LoginAgent_byClass_FAIL4_details')">LoginAgent([Ljava.lang.String;@2e029d61)</a>
               </td>
               <td nowrap="true">16:57:17</td>
               <td nowrap="true" align="right">9s
                  
               </td>
               <td nowrap="true">
                  <a onclick="toggleDetailsVisibility('com.braindigit.addagent.AddAgentArray_LoginAgent_byClass_FAIL4_exception')">java.lang.AssertionError: 
                     expected [Agents Listing] but found [New Agent]
                     
                  </a>
                   
                  
               </td>
            </tr>
            <tr>
               <td colspan="4" class="detailsBox">
                  <div id="com.braindigit.addagent.AddAgentArray_LoginAgent_byClass_FAIL4_details"
                       class="testMethodDetails">
                     <div>
                        <b>Name: </b>LoginAgent
                     </div>
                     <div>
                        <b>Signature: </b>LoginAgent([Ljava.lang.String;)[pri:2, instance:com.braindigit.addagent.AddAgentArray@4678c730]
                     </div>
                     <div>
                        <b>Parameters: </b>
                        
                        [Ljava.lang.String;@2e029d61
                        
                        
                     </div>
                     <div>
                        <b>Start time: </b>16:57:17
                     </div>
                     <div>
                        <b>End time: </b>16:57:26
                     </div>
                     <div>
                        <b>Duration: </b>9s
                        
                     </div>
                  </div>
               </td>
            </tr>
            <tr>
               <td colspan="4" class="detailsBox">
                  <div id="com.braindigit.addagent.AddAgentArray_LoginAgent_byClass_FAIL4_exception"
                       class="testMethodDetails">
                     <pre style="padding: 5px; margin: 0;">java.lang.AssertionError: expected [Agents Listing] but found [New Agent]
                        	at org.testng.Assert.fail(Assert.java:93)
                        	at org.testng.Assert.failNotEquals(Assert.java:512)
                        	at org.testng.Assert.assertEqualsImpl(Assert.java:134)
                        	at org.testng.Assert.assertEquals(Assert.java:115)
                        	at org.testng.Assert.assertEquals(Assert.java:189)
                        	at org.testng.Assert.assertEquals(Assert.java:199)
                        	at com.braindigit.addagent.AddAgentArray.LoginAgent(AddAgentArray.java:120)
                        	at sun.reflect.NativeMethodAccessorImpl.invoke0(Native Method)
                        	at sun.reflect.NativeMethodAccessorImpl.invoke(Unknown Source)
                        	at sun.reflect.DelegatingMethodAccessorImpl.invoke(Unknown Source)
                        	at java.lang.reflect.Method.invoke(Unknown Source)
                        	at org.testng.internal.MethodInvocationHelper.invokeMethod(MethodInvocationHelper.java:108)
                        	at org.testng.internal.Invoker.invokeMethod(Invoker.java:661)
                        	at org.testng.internal.Invoker.invokeTestMethod(Invoker.java:869)
                        	at org.testng.internal.Invoker.invokeTestMethods(Invoker.java:1193)
                        	at org.testng.internal.TestMethodWorker.invokeTestMethods(TestMethodWorker.java:126)
                        	at org.testng.internal.TestMethodWorker.run(TestMethodWorker.java:109)
                        	at org.testng.TestRunner.privateRun(TestRunner.java:744)
                        	at org.testng.TestRunner.run(TestRunner.java:602)
                        	at org.testng.SuiteRunner.runTest(SuiteRunner.java:380)
                        	at org.testng.SuiteRunner.runSequentially(SuiteRunner.java:375)
                        	at org.testng.SuiteRunner.privateRun(SuiteRunner.java:340)
                        	at org.testng.SuiteRunner.run(SuiteRunner.java:289)
                        	at org.testng.SuiteRunnerWorker.runSuite(SuiteRunnerWorker.java:52)
                        	at org.testng.SuiteRunnerWorker.run(SuiteRunnerWorker.java:86)
                        	at org.testng.TestNG.runSuitesSequentially(TestNG.java:1301)
                        	at org.testng.TestNG.runSuitesLocally(TestNG.java:1226)
                        	at org.testng.TestNG.runSuites(TestNG.java:1144)
                        	at org.testng.TestNG.run(TestNG.java:1115)
                        	at org.testng.remote.AbstractRemoteTestNG.run(AbstractRemoteTestNG.java:132)
                        	at org.testng.remote.RemoteTestNG.initAndRun(RemoteTestNG.java:230)
                        	at org.testng.remote.RemoteTestNG.main(RemoteTestNG.java:76)
                     </pre>
                  </div>
               </td>
            </tr>
            <tr id="com.braindigit.addagent.AddAgentArray_LoginAgent_byClass_FAIL5_row"
                class="testMethodStatusFAIL">
               <td width="100%" class="firstMethodCell">
                  <a onclick="toggleDetailsVisibility('com.braindigit.addagent.AddAgentArray_LoginAgent_byClass_FAIL5_details')">LoginAgent([Ljava.lang.String;@132ddbab)</a>
               </td>
               <td nowrap="true">16:57:26</td>
               <td nowrap="true" align="right">9s
                  
               </td>
               <td nowrap="true">
                  <a onclick="toggleDetailsVisibility('com.braindigit.addagent.AddAgentArray_LoginAgent_byClass_FAIL5_exception')">java.lang.AssertionError: 
                     expected [Agents Listing] but found [New Agent]
                     
                  </a>
                   
                  
               </td>
            </tr>
            <tr>
               <td colspan="4" class="detailsBox">
                  <div id="com.braindigit.addagent.AddAgentArray_LoginAgent_byClass_FAIL5_details"
                       class="testMethodDetails">
                     <div>
                        <b>Name: </b>LoginAgent
                     </div>
                     <div>
                        <b>Signature: </b>LoginAgent([Ljava.lang.String;)[pri:2, instance:com.braindigit.addagent.AddAgentArray@4678c730]
                     </div>
                     <div>
                        <b>Parameters: </b>
                        
                        [Ljava.lang.String;@132ddbab
                        
                        
                     </div>
                     <div>
                        <b>Start time: </b>16:57:26
                     </div>
                     <div>
                        <b>End time: </b>16:57:36
                     </div>
                     <div>
                        <b>Duration: </b>9s
                        
                     </div>
                  </div>
               </td>
            </tr>
            <tr>
               <td colspan="4" class="detailsBox">
                  <div id="com.braindigit.addagent.AddAgentArray_LoginAgent_byClass_FAIL5_exception"
                       class="testMethodDetails">
                     <pre style="padding: 5px; margin: 0;">java.lang.AssertionError: expected [Agents Listing] but found [New Agent]
                        	at org.testng.Assert.fail(Assert.java:93)
                        	at org.testng.Assert.failNotEquals(Assert.java:512)
                        	at org.testng.Assert.assertEqualsImpl(Assert.java:134)
                        	at org.testng.Assert.assertEquals(Assert.java:115)
                        	at org.testng.Assert.assertEquals(Assert.java:189)
                        	at org.testng.Assert.assertEquals(Assert.java:199)
                        	at com.braindigit.addagent.AddAgentArray.LoginAgent(AddAgentArray.java:120)
                        	at sun.reflect.NativeMethodAccessorImpl.invoke0(Native Method)
                        	at sun.reflect.NativeMethodAccessorImpl.invoke(Unknown Source)
                        	at sun.reflect.DelegatingMethodAccessorImpl.invoke(Unknown Source)
                        	at java.lang.reflect.Method.invoke(Unknown Source)
                        	at org.testng.internal.MethodInvocationHelper.invokeMethod(MethodInvocationHelper.java:108)
                        	at org.testng.internal.Invoker.invokeMethod(Invoker.java:661)
                        	at org.testng.internal.Invoker.invokeTestMethod(Invoker.java:869)
                        	at org.testng.internal.Invoker.invokeTestMethods(Invoker.java:1193)
                        	at org.testng.internal.TestMethodWorker.invokeTestMethods(TestMethodWorker.java:126)
                        	at org.testng.internal.TestMethodWorker.run(TestMethodWorker.java:109)
                        	at org.testng.TestRunner.privateRun(TestRunner.java:744)
                        	at org.testng.TestRunner.run(TestRunner.java:602)
                        	at org.testng.SuiteRunner.runTest(SuiteRunner.java:380)
                        	at org.testng.SuiteRunner.runSequentially(SuiteRunner.java:375)
                        	at org.testng.SuiteRunner.privateRun(SuiteRunner.java:340)
                        	at org.testng.SuiteRunner.run(SuiteRunner.java:289)
                        	at org.testng.SuiteRunnerWorker.runSuite(SuiteRunnerWorker.java:52)
                        	at org.testng.SuiteRunnerWorker.run(SuiteRunnerWorker.java:86)
                        	at org.testng.TestNG.runSuitesSequentially(TestNG.java:1301)
                        	at org.testng.TestNG.runSuitesLocally(TestNG.java:1226)
                        	at org.testng.TestNG.runSuites(TestNG.java:1144)
                        	at org.testng.TestNG.run(TestNG.java:1115)
                        	at org.testng.remote.AbstractRemoteTestNG.run(AbstractRemoteTestNG.java:132)
                        	at org.testng.remote.RemoteTestNG.initAndRun(RemoteTestNG.java:230)
                        	at org.testng.remote.RemoteTestNG.main(RemoteTestNG.java:76)
                     </pre>
                  </div>
               </td>
            </tr>
            <tr id="com.braindigit.addagent.AddAgentArray_LoginAgent_byClass_FAIL6_row"
                class="testMethodStatusFAIL">
               <td width="100%" class="firstMethodCell">
                  <a onclick="toggleDetailsVisibility('com.braindigit.addagent.AddAgentArray_LoginAgent_byClass_FAIL6_details')">LoginAgent([Ljava.lang.String;@297ea53a)</a>
               </td>
               <td nowrap="true">16:57:36</td>
               <td nowrap="true" align="right">9s
                  
               </td>
               <td nowrap="true">
                  <a onclick="toggleDetailsVisibility('com.braindigit.addagent.AddAgentArray_LoginAgent_byClass_FAIL6_exception')">java.lang.AssertionError: 
                     expected [Agents Listing] but found [New Agent]
                     
                  </a>
                   
                  
               </td>
            </tr>
            <tr>
               <td colspan="4" class="detailsBox">
                  <div id="com.braindigit.addagent.AddAgentArray_LoginAgent_byClass_FAIL6_details"
                       class="testMethodDetails">
                     <div>
                        <b>Name: </b>LoginAgent
                     </div>
                     <div>
                        <b>Signature: </b>LoginAgent([Ljava.lang.String;)[pri:2, instance:com.braindigit.addagent.AddAgentArray@4678c730]
                     </div>
                     <div>
                        <b>Parameters: </b>
                        
                        [Ljava.lang.String;@297ea53a
                        
                        
                     </div>
                     <div>
                        <b>Start time: </b>16:57:36
                     </div>
                     <div>
                        <b>End time: </b>16:57:46
                     </div>
                     <div>
                        <b>Duration: </b>9s
                        
                     </div>
                  </div>
               </td>
            </tr>
            <tr>
               <td colspan="4" class="detailsBox">
                  <div id="com.braindigit.addagent.AddAgentArray_LoginAgent_byClass_FAIL6_exception"
                       class="testMethodDetails">
                     <pre style="padding: 5px; margin: 0;">java.lang.AssertionError: expected [Agents Listing] but found [New Agent]
                        	at org.testng.Assert.fail(Assert.java:93)
                        	at org.testng.Assert.failNotEquals(Assert.java:512)
                        	at org.testng.Assert.assertEqualsImpl(Assert.java:134)
                        	at org.testng.Assert.assertEquals(Assert.java:115)
                        	at org.testng.Assert.assertEquals(Assert.java:189)
                        	at org.testng.Assert.assertEquals(Assert.java:199)
                        	at com.braindigit.addagent.AddAgentArray.LoginAgent(AddAgentArray.java:120)
                        	at sun.reflect.NativeMethodAccessorImpl.invoke0(Native Method)
                        	at sun.reflect.NativeMethodAccessorImpl.invoke(Unknown Source)
                        	at sun.reflect.DelegatingMethodAccessorImpl.invoke(Unknown Source)
                        	at java.lang.reflect.Method.invoke(Unknown Source)
                        	at org.testng.internal.MethodInvocationHelper.invokeMethod(MethodInvocationHelper.java:108)
                        	at org.testng.internal.Invoker.invokeMethod(Invoker.java:661)
                        	at org.testng.internal.Invoker.invokeTestMethod(Invoker.java:869)
                        	at org.testng.internal.Invoker.invokeTestMethods(Invoker.java:1193)
                        	at org.testng.internal.TestMethodWorker.invokeTestMethods(TestMethodWorker.java:126)
                        	at org.testng.internal.TestMethodWorker.run(TestMethodWorker.java:109)
                        	at org.testng.TestRunner.privateRun(TestRunner.java:744)
                        	at org.testng.TestRunner.run(TestRunner.java:602)
                        	at org.testng.SuiteRunner.runTest(SuiteRunner.java:380)
                        	at org.testng.SuiteRunner.runSequentially(SuiteRunner.java:375)
                        	at org.testng.SuiteRunner.privateRun(SuiteRunner.java:340)
                        	at org.testng.SuiteRunner.run(SuiteRunner.java:289)
                        	at org.testng.SuiteRunnerWorker.runSuite(SuiteRunnerWorker.java:52)
                        	at org.testng.SuiteRunnerWorker.run(SuiteRunnerWorker.java:86)
                        	at org.testng.TestNG.runSuitesSequentially(TestNG.java:1301)
                        	at org.testng.TestNG.runSuitesLocally(TestNG.java:1226)
                        	at org.testng.TestNG.runSuites(TestNG.java:1144)
                        	at org.testng.TestNG.run(TestNG.java:1115)
                        	at org.testng.remote.AbstractRemoteTestNG.run(AbstractRemoteTestNG.java:132)
                        	at org.testng.remote.RemoteTestNG.initAndRun(RemoteTestNG.java:230)
                        	at org.testng.remote.RemoteTestNG.main(RemoteTestNG.java:76)
                     </pre>
                  </div>
               </td>
            </tr>
            <tr id="com.braindigit.addagent.AddAgentArray_LoginAgent_byClass_PASS7_row"
                class="testMethodStatusPASS">
               <td width="100%" class="firstMethodCell">
                  <a onclick="toggleDetailsVisibility('com.braindigit.addagent.AddAgentArray_LoginAgent_byClass_PASS7_details')">LoginAgent([Ljava.lang.String;@62e70ea3)</a>
               </td>
               <td nowrap="true">16:57:46</td>
               <td nowrap="true" align="right">10s
                  
               </td>
               <td nowrap="true">
                   
                  
               </td>
            </tr>
            <tr>
               <td colspan="4" class="detailsBox">
                  <div id="com.braindigit.addagent.AddAgentArray_LoginAgent_byClass_PASS7_details"
                       class="testMethodDetails">
                     <div>
                        <b>Name: </b>LoginAgent
                     </div>
                     <div>
                        <b>Signature: </b>LoginAgent([Ljava.lang.String;)[pri:2, instance:com.braindigit.addagent.AddAgentArray@4678c730]
                     </div>
                     <div>
                        <b>Parameters: </b>
                        
                        [Ljava.lang.String;@62e70ea3
                        
                        
                     </div>
                     <div>
                        <b>Start time: </b>16:57:46
                     </div>
                     <div>
                        <b>End time: </b>16:57:56
                     </div>
                     <div>
                        <b>Duration: </b>10s
                        
                     </div>
                  </div>
               </td>
            </tr>
            <tr></tr>
            <tr id="com.braindigit.addagent.AddAgentArray_LoginAgent_byClass_FAIL8_row"
                class="testMethodStatusFAIL">
               <td width="100%" class="firstMethodCell">
                  <a onclick="toggleDetailsVisibility('com.braindigit.addagent.AddAgentArray_LoginAgent_byClass_FAIL8_details')">LoginAgent([Ljava.lang.String;@acb0951)</a>
               </td>
               <td nowrap="true">16:57:56</td>
               <td nowrap="true" align="right">8s
                  
               </td>
               <td nowrap="true">
                  <a onclick="toggleDetailsVisibility('com.braindigit.addagent.AddAgentArray_LoginAgent_byClass_FAIL8_exception')">java.lang.AssertionError: 
                     expected [Agents Listing] but found [New Agent]
                     
                  </a>
                   
                  
               </td>
            </tr>
            <tr>
               <td colspan="4" class="detailsBox">
                  <div id="com.braindigit.addagent.AddAgentArray_LoginAgent_byClass_FAIL8_details"
                       class="testMethodDetails">
                     <div>
                        <b>Name: </b>LoginAgent
                     </div>
                     <div>
                        <b>Signature: </b>LoginAgent([Ljava.lang.String;)[pri:2, instance:com.braindigit.addagent.AddAgentArray@4678c730]
                     </div>
                     <div>
                        <b>Parameters: </b>
                        
                        [Ljava.lang.String;@acb0951
                        
                        
                     </div>
                     <div>
                        <b>Start time: </b>16:57:56
                     </div>
                     <div>
                        <b>End time: </b>16:58:04
                     </div>
                     <div>
                        <b>Duration: </b>8s
                        
                     </div>
                  </div>
               </td>
            </tr>
            <tr>
               <td colspan="4" class="detailsBox">
                  <div id="com.braindigit.addagent.AddAgentArray_LoginAgent_byClass_FAIL8_exception"
                       class="testMethodDetails">
                     <pre style="padding: 5px; margin: 0;">java.lang.AssertionError: expected [Agents Listing] but found [New Agent]
                        	at org.testng.Assert.fail(Assert.java:93)
                        	at org.testng.Assert.failNotEquals(Assert.java:512)
                        	at org.testng.Assert.assertEqualsImpl(Assert.java:134)
                        	at org.testng.Assert.assertEquals(Assert.java:115)
                        	at org.testng.Assert.assertEquals(Assert.java:189)
                        	at org.testng.Assert.assertEquals(Assert.java:199)
                        	at com.braindigit.addagent.AddAgentArray.LoginAgent(AddAgentArray.java:120)
                        	at sun.reflect.NativeMethodAccessorImpl.invoke0(Native Method)
                        	at sun.reflect.NativeMethodAccessorImpl.invoke(Unknown Source)
                        	at sun.reflect.DelegatingMethodAccessorImpl.invoke(Unknown Source)
                        	at java.lang.reflect.Method.invoke(Unknown Source)
                        	at org.testng.internal.MethodInvocationHelper.invokeMethod(MethodInvocationHelper.java:108)
                        	at org.testng.internal.Invoker.invokeMethod(Invoker.java:661)
                        	at org.testng.internal.Invoker.invokeTestMethod(Invoker.java:869)
                        	at org.testng.internal.Invoker.invokeTestMethods(Invoker.java:1193)
                        	at org.testng.internal.TestMethodWorker.invokeTestMethods(TestMethodWorker.java:126)
                        	at org.testng.internal.TestMethodWorker.run(TestMethodWorker.java:109)
                        	at org.testng.TestRunner.privateRun(TestRunner.java:744)
                        	at org.testng.TestRunner.run(TestRunner.java:602)
                        	at org.testng.SuiteRunner.runTest(SuiteRunner.java:380)
                        	at org.testng.SuiteRunner.runSequentially(SuiteRunner.java:375)
                        	at org.testng.SuiteRunner.privateRun(SuiteRunner.java:340)
                        	at org.testng.SuiteRunner.run(SuiteRunner.java:289)
                        	at org.testng.SuiteRunnerWorker.runSuite(SuiteRunnerWorker.java:52)
                        	at org.testng.SuiteRunnerWorker.run(SuiteRunnerWorker.java:86)
                        	at org.testng.TestNG.runSuitesSequentially(TestNG.java:1301)
                        	at org.testng.TestNG.runSuitesLocally(TestNG.java:1226)
                        	at org.testng.TestNG.runSuites(TestNG.java:1144)
                        	at org.testng.TestNG.run(TestNG.java:1115)
                        	at org.testng.remote.AbstractRemoteTestNG.run(AbstractRemoteTestNG.java:132)
                        	at org.testng.remote.RemoteTestNG.initAndRun(RemoteTestNG.java:230)
                        	at org.testng.remote.RemoteTestNG.main(RemoteTestNG.java:76)
                     </pre>
                  </div>
               </td>
            </tr>
            <tr id="com.braindigit.addagent.AddAgentArray_LoginAgent_byClass_FAIL9_row"
                class="testMethodStatusFAIL">
               <td width="100%" class="firstMethodCell">
                  <a onclick="toggleDetailsVisibility('com.braindigit.addagent.AddAgentArray_LoginAgent_byClass_FAIL9_details')">LoginAgent([Ljava.lang.String;@5bf22f18)</a>
               </td>
               <td nowrap="true">16:58:04</td>
               <td nowrap="true" align="right">7s
                  
               </td>
               <td nowrap="true">
                  <a onclick="toggleDetailsVisibility('com.braindigit.addagent.AddAgentArray_LoginAgent_byClass_FAIL9_exception')">java.lang.AssertionError: 
                     expected [Agents Listing] but found [New Agent]
                     
                  </a>
                   
                  
               </td>
            </tr>
            <tr>
               <td colspan="4" class="detailsBox">
                  <div id="com.braindigit.addagent.AddAgentArray_LoginAgent_byClass_FAIL9_details"
                       class="testMethodDetails">
                     <div>
                        <b>Name: </b>LoginAgent
                     </div>
                     <div>
                        <b>Signature: </b>LoginAgent([Ljava.lang.String;)[pri:2, instance:com.braindigit.addagent.AddAgentArray@4678c730]
                     </div>
                     <div>
                        <b>Parameters: </b>
                        
                        [Ljava.lang.String;@5bf22f18
                        
                        
                     </div>
                     <div>
                        <b>Start time: </b>16:58:04
                     </div>
                     <div>
                        <b>End time: </b>16:58:12
                     </div>
                     <div>
                        <b>Duration: </b>7s
                        
                     </div>
                  </div>
               </td>
            </tr>
            <tr>
               <td colspan="4" class="detailsBox">
                  <div id="com.braindigit.addagent.AddAgentArray_LoginAgent_byClass_FAIL9_exception"
                       class="testMethodDetails">
                     <pre style="padding: 5px; margin: 0;">java.lang.AssertionError: expected [Agents Listing] but found [New Agent]
                        	at org.testng.Assert.fail(Assert.java:93)
                        	at org.testng.Assert.failNotEquals(Assert.java:512)
                        	at org.testng.Assert.assertEqualsImpl(Assert.java:134)
                        	at org.testng.Assert.assertEquals(Assert.java:115)
                        	at org.testng.Assert.assertEquals(Assert.java:189)
                        	at org.testng.Assert.assertEquals(Assert.java:199)
                        	at com.braindigit.addagent.AddAgentArray.LoginAgent(AddAgentArray.java:120)
                        	at sun.reflect.NativeMethodAccessorImpl.invoke0(Native Method)
                        	at sun.reflect.NativeMethodAccessorImpl.invoke(Unknown Source)
                        	at sun.reflect.DelegatingMethodAccessorImpl.invoke(Unknown Source)
                        	at java.lang.reflect.Method.invoke(Unknown Source)
                        	at org.testng.internal.MethodInvocationHelper.invokeMethod(MethodInvocationHelper.java:108)
                        	at org.testng.internal.Invoker.invokeMethod(Invoker.java:661)
                        	at org.testng.internal.Invoker.invokeTestMethod(Invoker.java:869)
                        	at org.testng.internal.Invoker.invokeTestMethods(Invoker.java:1193)
                        	at org.testng.internal.TestMethodWorker.invokeTestMethods(TestMethodWorker.java:126)
                        	at org.testng.internal.TestMethodWorker.run(TestMethodWorker.java:109)
                        	at org.testng.TestRunner.privateRun(TestRunner.java:744)
                        	at org.testng.TestRunner.run(TestRunner.java:602)
                        	at org.testng.SuiteRunner.runTest(SuiteRunner.java:380)
                        	at org.testng.SuiteRunner.runSequentially(SuiteRunner.java:375)
                        	at org.testng.SuiteRunner.privateRun(SuiteRunner.java:340)
                        	at org.testng.SuiteRunner.run(SuiteRunner.java:289)
                        	at org.testng.SuiteRunnerWorker.runSuite(SuiteRunnerWorker.java:52)
                        	at org.testng.SuiteRunnerWorker.run(SuiteRunnerWorker.java:86)
                        	at org.testng.TestNG.runSuitesSequentially(TestNG.java:1301)
                        	at org.testng.TestNG.runSuitesLocally(TestNG.java:1226)
                        	at org.testng.TestNG.runSuites(TestNG.java:1144)
                        	at org.testng.TestNG.run(TestNG.java:1115)
                        	at org.testng.remote.AbstractRemoteTestNG.run(AbstractRemoteTestNG.java:132)
                        	at org.testng.remote.RemoteTestNG.initAndRun(RemoteTestNG.java:230)
                        	at org.testng.remote.RemoteTestNG.main(RemoteTestNG.java:76)
                     </pre>
                  </div>
               </td>
            </tr>
            <tr id="com.braindigit.addagent.AddAgentArray_LoginAgent_byClass_PASS10_row"
                class="testMethodStatusPASS">
               <td width="100%" class="firstMethodCell">
                  <a onclick="toggleDetailsVisibility('com.braindigit.addagent.AddAgentArray_LoginAgent_byClass_PASS10_details')">LoginAgent([Ljava.lang.String;@3efe7086)</a>
               </td>
               <td nowrap="true">16:58:12</td>
               <td nowrap="true" align="right">10s
                  
               </td>
               <td nowrap="true">
                   
                  
               </td>
            </tr>
            <tr>
               <td colspan="4" class="detailsBox">
                  <div id="com.braindigit.addagent.AddAgentArray_LoginAgent_byClass_PASS10_details"
                       class="testMethodDetails">
                     <div>
                        <b>Name: </b>LoginAgent
                     </div>
                     <div>
                        <b>Signature: </b>LoginAgent([Ljava.lang.String;)[pri:2, instance:com.braindigit.addagent.AddAgentArray@4678c730]
                     </div>
                     <div>
                        <b>Parameters: </b>
                        
                        [Ljava.lang.String;@3efe7086
                        
                        
                     </div>
                     <div>
                        <b>Start time: </b>16:58:12
                     </div>
                     <div>
                        <b>End time: </b>16:58:23
                     </div>
                     <div>
                        <b>Duration: </b>10s
                        
                     </div>
                  </div>
               </td>
            </tr>
            <tr></tr>
            <tr id="com.braindigit.addagent.AddAgentArray_LoginAgent_byClass_FAIL11_row"
                class="testMethodStatusFAIL">
               <td width="100%" class="firstMethodCell">
                  <a onclick="toggleDetailsVisibility('com.braindigit.addagent.AddAgentArray_LoginAgent_byClass_FAIL11_details')">LoginAgent([Ljava.lang.String;@267f474e)</a>
               </td>
               <td nowrap="true">16:58:23</td>
               <td nowrap="true" align="right">9s
                  
               </td>
               <td nowrap="true">
                  <a onclick="toggleDetailsVisibility('com.braindigit.addagent.AddAgentArray_LoginAgent_byClass_FAIL11_exception')">java.lang.AssertionError: 
                     expected [Agents Listing] but found [New Agent]
                     
                  </a>
                   
                  
               </td>
            </tr>
            <tr>
               <td colspan="4" class="detailsBox">
                  <div id="com.braindigit.addagent.AddAgentArray_LoginAgent_byClass_FAIL11_details"
                       class="testMethodDetails">
                     <div>
                        <b>Name: </b>LoginAgent
                     </div>
                     <div>
                        <b>Signature: </b>LoginAgent([Ljava.lang.String;)[pri:2, instance:com.braindigit.addagent.AddAgentArray@4678c730]
                     </div>
                     <div>
                        <b>Parameters: </b>
                        
                        [Ljava.lang.String;@267f474e
                        
                        
                     </div>
                     <div>
                        <b>Start time: </b>16:58:23
                     </div>
                     <div>
                        <b>End time: </b>16:58:32
                     </div>
                     <div>
                        <b>Duration: </b>9s
                        
                     </div>
                  </div>
               </td>
            </tr>
            <tr>
               <td colspan="4" class="detailsBox">
                  <div id="com.braindigit.addagent.AddAgentArray_LoginAgent_byClass_FAIL11_exception"
                       class="testMethodDetails">
                     <pre style="padding: 5px; margin: 0;">java.lang.AssertionError: expected [Agents Listing] but found [New Agent]
                        	at org.testng.Assert.fail(Assert.java:93)
                        	at org.testng.Assert.failNotEquals(Assert.java:512)
                        	at org.testng.Assert.assertEqualsImpl(Assert.java:134)
                        	at org.testng.Assert.assertEquals(Assert.java:115)
                        	at org.testng.Assert.assertEquals(Assert.java:189)
                        	at org.testng.Assert.assertEquals(Assert.java:199)
                        	at com.braindigit.addagent.AddAgentArray.LoginAgent(AddAgentArray.java:120)
                        	at sun.reflect.NativeMethodAccessorImpl.invoke0(Native Method)
                        	at sun.reflect.NativeMethodAccessorImpl.invoke(Unknown Source)
                        	at sun.reflect.DelegatingMethodAccessorImpl.invoke(Unknown Source)
                        	at java.lang.reflect.Method.invoke(Unknown Source)
                        	at org.testng.internal.MethodInvocationHelper.invokeMethod(MethodInvocationHelper.java:108)
                        	at org.testng.internal.Invoker.invokeMethod(Invoker.java:661)
                        	at org.testng.internal.Invoker.invokeTestMethod(Invoker.java:869)
                        	at org.testng.internal.Invoker.invokeTestMethods(Invoker.java:1193)
                        	at org.testng.internal.TestMethodWorker.invokeTestMethods(TestMethodWorker.java:126)
                        	at org.testng.internal.TestMethodWorker.run(TestMethodWorker.java:109)
                        	at org.testng.TestRunner.privateRun(TestRunner.java:744)
                        	at org.testng.TestRunner.run(TestRunner.java:602)
                        	at org.testng.SuiteRunner.runTest(SuiteRunner.java:380)
                        	at org.testng.SuiteRunner.runSequentially(SuiteRunner.java:375)
                        	at org.testng.SuiteRunner.privateRun(SuiteRunner.java:340)
                        	at org.testng.SuiteRunner.run(SuiteRunner.java:289)
                        	at org.testng.SuiteRunnerWorker.runSuite(SuiteRunnerWorker.java:52)
                        	at org.testng.SuiteRunnerWorker.run(SuiteRunnerWorker.java:86)
                        	at org.testng.TestNG.runSuitesSequentially(TestNG.java:1301)
                        	at org.testng.TestNG.runSuitesLocally(TestNG.java:1226)
                        	at org.testng.TestNG.runSuites(TestNG.java:1144)
                        	at org.testng.TestNG.run(TestNG.java:1115)
                        	at org.testng.remote.AbstractRemoteTestNG.run(AbstractRemoteTestNG.java:132)
                        	at org.testng.remote.RemoteTestNG.initAndRun(RemoteTestNG.java:230)
                        	at org.testng.remote.RemoteTestNG.main(RemoteTestNG.java:76)
                     </pre>
                  </div>
               </td>
            </tr>
            <tr id="com.braindigit.addagent.AddAgentArray_LoginAgent_byClass_FAIL12_row"
                class="testMethodStatusFAIL">
               <td width="100%" class="firstMethodCell">
                  <a onclick="toggleDetailsVisibility('com.braindigit.addagent.AddAgentArray_LoginAgent_byClass_FAIL12_details')">LoginAgent([Ljava.lang.String;@7a7471ce)</a>
               </td>
               <td nowrap="true">16:58:32</td>
               <td nowrap="true" align="right">7s
                  
               </td>
               <td nowrap="true">
                  <a onclick="toggleDetailsVisibility('com.braindigit.addagent.AddAgentArray_LoginAgent_byClass_FAIL12_exception')">java.lang.AssertionError: 
                     expected [Agents Listing] but found [New Agent]
                     
                  </a>
                   
                  
               </td>
            </tr>
            <tr>
               <td colspan="4" class="detailsBox">
                  <div id="com.braindigit.addagent.AddAgentArray_LoginAgent_byClass_FAIL12_details"
                       class="testMethodDetails">
                     <div>
                        <b>Name: </b>LoginAgent
                     </div>
                     <div>
                        <b>Signature: </b>LoginAgent([Ljava.lang.String;)[pri:2, instance:com.braindigit.addagent.AddAgentArray@4678c730]
                     </div>
                     <div>
                        <b>Parameters: </b>
                        
                        [Ljava.lang.String;@7a7471ce
                        
                        
                     </div>
                     <div>
                        <b>Start time: </b>16:58:32
                     </div>
                     <div>
                        <b>End time: </b>16:58:40
                     </div>
                     <div>
                        <b>Duration: </b>7s
                        
                     </div>
                  </div>
               </td>
            </tr>
            <tr>
               <td colspan="4" class="detailsBox">
                  <div id="com.braindigit.addagent.AddAgentArray_LoginAgent_byClass_FAIL12_exception"
                       class="testMethodDetails">
                     <pre style="padding: 5px; margin: 0;">java.lang.AssertionError: expected [Agents Listing] but found [New Agent]
                        	at org.testng.Assert.fail(Assert.java:93)
                        	at org.testng.Assert.failNotEquals(Assert.java:512)
                        	at org.testng.Assert.assertEqualsImpl(Assert.java:134)
                        	at org.testng.Assert.assertEquals(Assert.java:115)
                        	at org.testng.Assert.assertEquals(Assert.java:189)
                        	at org.testng.Assert.assertEquals(Assert.java:199)
                        	at com.braindigit.addagent.AddAgentArray.LoginAgent(AddAgentArray.java:120)
                        	at sun.reflect.NativeMethodAccessorImpl.invoke0(Native Method)
                        	at sun.reflect.NativeMethodAccessorImpl.invoke(Unknown Source)
                        	at sun.reflect.DelegatingMethodAccessorImpl.invoke(Unknown Source)
                        	at java.lang.reflect.Method.invoke(Unknown Source)
                        	at org.testng.internal.MethodInvocationHelper.invokeMethod(MethodInvocationHelper.java:108)
                        	at org.testng.internal.Invoker.invokeMethod(Invoker.java:661)
                        	at org.testng.internal.Invoker.invokeTestMethod(Invoker.java:869)
                        	at org.testng.internal.Invoker.invokeTestMethods(Invoker.java:1193)
                        	at org.testng.internal.TestMethodWorker.invokeTestMethods(TestMethodWorker.java:126)
                        	at org.testng.internal.TestMethodWorker.run(TestMethodWorker.java:109)
                        	at org.testng.TestRunner.privateRun(TestRunner.java:744)
                        	at org.testng.TestRunner.run(TestRunner.java:602)
                        	at org.testng.SuiteRunner.runTest(SuiteRunner.java:380)
                        	at org.testng.SuiteRunner.runSequentially(SuiteRunner.java:375)
                        	at org.testng.SuiteRunner.privateRun(SuiteRunner.java:340)
                        	at org.testng.SuiteRunner.run(SuiteRunner.java:289)
                        	at org.testng.SuiteRunnerWorker.runSuite(SuiteRunnerWorker.java:52)
                        	at org.testng.SuiteRunnerWorker.run(SuiteRunnerWorker.java:86)
                        	at org.testng.TestNG.runSuitesSequentially(TestNG.java:1301)
                        	at org.testng.TestNG.runSuitesLocally(TestNG.java:1226)
                        	at org.testng.TestNG.runSuites(TestNG.java:1144)
                        	at org.testng.TestNG.run(TestNG.java:1115)
                        	at org.testng.remote.AbstractRemoteTestNG.run(AbstractRemoteTestNG.java:132)
                        	at org.testng.remote.RemoteTestNG.initAndRun(RemoteTestNG.java:230)
                        	at org.testng.remote.RemoteTestNG.main(RemoteTestNG.java:76)
                     </pre>
                  </div>
               </td>
            </tr>
            <tr id="com.braindigit.addagent.AddAgentArray_tearDown_byClass_PASS13_row"
                class="testMethodStatusPASS testMethodStatusCONF">
               <td width="100%" class="firstMethodCell">
                  <a onclick="toggleDetailsVisibility('com.braindigit.addagent.AddAgentArray_tearDown_byClass_PASS13_details')">tearDown()</a>
               </td>
               <td nowrap="true">16:58:40</td>
               <td nowrap="true" align="right">1s
                  
               </td>
               <td nowrap="true">
                   
                  
               </td>
            </tr>
            <tr>
               <td colspan="4" class="detailsBox">
                  <div id="com.braindigit.addagent.AddAgentArray_tearDown_byClass_PASS13_details"
                       class="testMethodDetails">
                     <div>
                        <b>Name: </b>tearDown
                     </div>
                     <div>
                        <b>Signature: </b>tearDown()[pri:0, instance:com.braindigit.addagent.AddAgentArray@4678c730]
                     </div>
                     <div>
                        <b>Start time: </b>16:58:40
                     </div>
                     <div>
                        <b>End time: </b>16:58:41
                     </div>
                     <div>
                        <b>Duration: </b>1s
                        
                     </div>
                  </div>
               </td>
            </tr>
            <tr></tr>
         </table>
         <br></br>
      </div>
      <div style="margin-top: 15px; color: gray; text-align: center; font-size: 9px;">
         Generated with
         
         <a href="http://code.google.com/p/testng-xslt/" style="color: #8888aa;"
            target="_blank">
            TestNG XSLT
            
         </a>
      </div>
   </body>
</html>