<?xml version="1.0" encoding="UTF-8"?>
<testng-results skipped="0" failed="1" ignored="0" total="3" passed="2">
  <reporter-output>
  </reporter-output>
  <suite name="Default suite" duration-ms="66003" started-at="2017-08-25T06:10:29Z" finished-at="2017-08-25T06:11:35Z">
    <groups>
    </groups>
    <test name="Default test" duration-ms="66003" started-at="2017-08-25T06:10:29Z" finished-at="2017-08-25T06:11:35Z">
      <class name="com.braindigit.addagent.AddAgentArray">
        <test-method status="PASS" signature="openDriver()[pri:0, instance:com.braindigit.addagent.AddAgentArray@4678c730]" name="openDriver" is-config="true" duration-ms="17742" started-at="2017-08-25T11:55:29Z" finished-at="2017-08-25T11:55:47Z">
          <reporter-output>
          </reporter-output>
        </test-method> <!-- openDriver -->
        <test-method status="PASS" signature="LoginAgency()[pri:1, instance:com.braindigit.addagent.AddAgentArray@4678c730]" name="LoginAgency" duration-ms="15554" started-at="2017-08-25T11:55:47Z" finished-at="2017-08-25T11:56:02Z">
          <reporter-output>
          </reporter-output>
        </test-method> <!-- LoginAgency -->
        <test-method status="FAIL" signature="LoginAgent([Ljava.lang.String;)[pri:2, instance:com.braindigit.addagent.AddAgentArray@4678c730]" name="LoginAgent" duration-ms="16471" started-at="2017-08-25T11:56:07Z" data-provider="agentlogin" finished-at="2017-08-25T11:56:24Z">
          <params>
            <param index="0">
              <value>
                <![CDATA[[Ljava.lang.String;@60dce7ea]]>
              </value>
            </param>
          </params>
          <exception class="java.lang.AssertionError">
            <message>
              <![CDATA[expected [Agent Listing] but found [Agents Listing]]]>
            </message>
            <full-stacktrace>
              <![CDATA[java.lang.AssertionError: expected [Agent Listing] but found [Agents Listing]
	at org.testng.Assert.fail(Assert.java:93)
	at org.testng.Assert.failNotEquals(Assert.java:512)
	at org.testng.Assert.assertEqualsImpl(Assert.java:134)
	at org.testng.Assert.assertEquals(Assert.java:115)
	at org.testng.Assert.assertEquals(Assert.java:189)
	at org.testng.Assert.assertEquals(Assert.java:199)
	at com.braindigit.addagent.AddAgentArray.LoginAgent(AddAgentArray.java:132)
	at sun.reflect.NativeMethodAccessorImpl.invoke0(Native Method)
	at sun.reflect.NativeMethodAccessorImpl.invoke(Unknown Source)
	at sun.reflect.DelegatingMethodAccessorImpl.invoke(Unknown Source)
	at java.lang.reflect.Method.invoke(Unknown Source)
	at org.testng.internal.MethodInvocationHelper.invokeMethod(MethodInvocationHelper.java:108)
	at org.testng.internal.Invoker.invokeMethod(Invoker.java:661)
	at org.testng.internal.Invoker.invokeTestMethod(Invoker.java:869)
	at org.testng.internal.Invoker.invokeTestMethods(Invoker.java:1193)
	at org.testng.internal.TestMethodWorker.invokeTestMethods(TestMethodWorker.java:126)
	at org.testng.internal.TestMethodWorker.run(TestMethodWorker.java:109)
	at org.testng.TestRunner.privateRun(TestRunner.java:744)
	at org.testng.TestRunner.run(TestRunner.java:602)
	at org.testng.SuiteRunner.runTest(SuiteRunner.java:380)
	at org.testng.SuiteRunner.runSequentially(SuiteRunner.java:375)
	at org.testng.SuiteRunner.privateRun(SuiteRunner.java:340)
	at org.testng.SuiteRunner.run(SuiteRunner.java:289)
	at org.testng.SuiteRunnerWorker.runSuite(SuiteRunnerWorker.java:52)
	at org.testng.SuiteRunnerWorker.run(SuiteRunnerWorker.java:86)
	at org.testng.TestNG.runSuitesSequentially(TestNG.java:1301)
	at org.testng.TestNG.runSuitesLocally(TestNG.java:1226)
	at org.testng.TestNG.runSuites(TestNG.java:1144)
	at org.testng.TestNG.run(TestNG.java:1115)
	at org.testng.remote.AbstractRemoteTestNG.run(AbstractRemoteTestNG.java:132)
	at org.testng.remote.RemoteTestNG.initAndRun(RemoteTestNG.java:230)
	at org.testng.remote.RemoteTestNG.main(RemoteTestNG.java:76)
]]>
            </full-stacktrace>
          </exception> <!-- java.lang.AssertionError -->
          <reporter-output>
          </reporter-output>
        </test-method> <!-- LoginAgent -->
        <test-method status="PASS" signature="LoginAgent([Ljava.lang.String;)[pri:2, instance:com.braindigit.addagent.AddAgentArray@4678c730]" name="LoginAgent" duration-ms="9608" started-at="2017-08-25T11:56:24Z" data-provider="agentlogin" finished-at="2017-08-25T11:56:33Z">
          <params>
            <param index="0">
              <value>
                <![CDATA[[Ljava.lang.String;@5974109]]>
              </value>
            </param>
          </params>
          <reporter-output>
          </reporter-output>
        </test-method> <!-- LoginAgent -->
        <test-method status="PASS" signature="tearDown()[pri:0, instance:com.braindigit.addagent.AddAgentArray@4678c730]" name="tearDown" is-config="true" duration-ms="1737" started-at="2017-08-25T11:56:33Z" finished-at="2017-08-25T11:56:35Z">
          <reporter-output>
          </reporter-output>
        </test-method> <!-- tearDown -->
      </class> <!-- com.braindigit.addagent.AddAgentArray -->
    </test> <!-- Default test -->
  </suite> <!-- Default suite -->
</testng-results>
